[2021-10-15 16:26:06.211] [exthost] [info] extension host started
[2021-10-15 16:26:06.242] [exthost] [info] ExtensionService#_doActivateExtension vscode.microsoft-authentication, startup: false, activationEvent: 'onAuthenticationRequest:microsoft'
[2021-10-15 16:26:06.242] [exthost] [info] ExtensionService#loadCommonJSModule file:///opt/visual-studio-code/resources/app/extensions/microsoft-authentication/dist/extension.js
[2021-10-15 16:26:06.247] [exthost] [info] ExtensionService#_doActivateExtension vscode.debug-auto-launch, startup: true, activationEvent: '*'
[2021-10-15 16:26:06.247] [exthost] [info] ExtensionService#loadCommonJSModule file:///opt/visual-studio-code/resources/app/extensions/debug-auto-launch/dist/extension
[2021-10-15 16:26:06.248] [exthost] [info] ExtensionService#_doActivateExtension vscode.git, startup: true, activationEvent: '*', root cause: vscode.github
[2021-10-15 16:26:06.248] [exthost] [info] ExtensionService#loadCommonJSModule file:///opt/visual-studio-code/resources/app/extensions/git/dist/main
[2021-10-15 16:26:06.256] [exthost] [info] ExtensionService#_doActivateExtension vscode-icons-team.vscode-icons, startup: true, activationEvent: '*'
[2021-10-15 16:26:06.256] [exthost] [info] ExtensionService#loadCommonJSModule file:///home/jameshershaw/.vscode/extensions/vscode-icons-team.vscode-icons-11.6.0/dist/src/vscode-icons.bundle.js
[2021-10-15 16:26:06.322] [exthost] [info] ExtensionService#_doActivateExtension ms-vscode.js-debug, startup: false, activationEvent: 'onCommand:extension.js-debug.clearAutoAttachVariables'
[2021-10-15 16:26:06.322] [exthost] [info] ExtensionService#loadCommonJSModule file:///opt/visual-studio-code/resources/app/extensions/ms-vscode.js-debug/src/extension.js
[2021-10-15 16:26:06.371] [exthost] [info] ExtensionService#_doActivateExtension vscode.github, startup: false, activationEvent: '*'
[2021-10-15 16:26:06.371] [exthost] [info] ExtensionService#loadCommonJSModule file:///opt/visual-studio-code/resources/app/extensions/github/dist/extension.js
[2021-10-15 16:26:06.472] [exthost] [info] ExtensionService#_doActivateExtension vscode.github-authentication, startup: false, activationEvent: 'onAuthenticationRequest:github'
[2021-10-15 16:26:06.472] [exthost] [info] ExtensionService#loadCommonJSModule file:///opt/visual-studio-code/resources/app/extensions/github-authentication/dist/extension.js
[2021-10-15 16:26:06.681] [exthost] [info] eager extensions activated
[2021-10-15 16:26:06.684] [exthost] [info] ExtensionService#_doActivateExtension vscode.emmet, startup: false, activationEvent: 'onStartupFinished'
[2021-10-15 16:26:06.684] [exthost] [info] ExtensionService#loadCommonJSModule file:///opt/visual-studio-code/resources/app/extensions/emmet/dist/node/emmetNodeMain
[2021-10-15 16:26:06.686] [exthost] [info] ExtensionService#_doActivateExtension vscode.merge-conflict, startup: false, activationEvent: 'onStartupFinished'
[2021-10-15 16:26:06.686] [exthost] [info] ExtensionService#loadCommonJSModule file:///opt/visual-studio-code/resources/app/extensions/merge-conflict/dist/mergeConflictMain
[2021-10-15 16:26:10.584] [exthost] [info] extension host terminating: renderer closed the socket
[2021-10-15 16:26:11.588] [exthost] [info] exiting with code 0
