[2021-10-14 09:50:50.473] [exthost] [info] extension host started
[2021-10-14 09:50:50.473] [exthost] [info] Skipping acquiring lock for /home/jameshershaw/.config/Code/User/workspaceStorage/4d0cf119e230eeaf0029a13f1cad6e16.
[2021-10-14 09:50:50.505] [exthost] [info] ExtensionService#_doActivateExtension vscode.microsoft-authentication {"startup":false,"extensionId":{"value":"vscode.microsoft-authentication","_lower":"vscode.microsoft-authentication"},"activationEvent":"onAuthenticationRequest:microsoft"}
[2021-10-14 09:50:50.505] [exthost] [info] ExtensionService#loadCommonJSModule file:///opt/visual-studio-code/resources/app/extensions/microsoft-authentication/dist/extension.js
[2021-10-14 09:50:50.510] [exthost] [info] ExtensionService#_doActivateExtension geoffkaile.latex-count {"startup":false,"extensionId":{"value":"geoffkaile.latex-count","_lower":"geoffkaile.latex-count"},"activationEvent":"onLanguage:latex"}
[2021-10-14 09:50:50.510] [exthost] [info] ExtensionService#loadCommonJSModule file:///home/jameshershaw/.vscode/extensions/geoffkaile.latex-count-1.2.1/out/extension
[2021-10-14 09:50:50.511] [exthost] [info] ExtensionService#_doActivateExtension James-Yu.latex-workshop {"startup":false,"extensionId":{"value":"James-Yu.latex-workshop","_lower":"james-yu.latex-workshop"},"activationEvent":"onLanguage:latex"}
[2021-10-14 09:50:50.511] [exthost] [info] ExtensionService#loadCommonJSModule file:///home/jameshershaw/.vscode/extensions/james-yu.latex-workshop-8.20.2/out/src/main.js
[2021-10-14 09:50:50.595] [exthost] [info] ExtensionService#_doActivateExtension vscode.debug-auto-launch {"startup":true,"extensionId":{"value":"vscode.debug-auto-launch","_lower":"vscode.debug-auto-launch"},"activationEvent":"*"}
[2021-10-14 09:50:50.595] [exthost] [info] ExtensionService#loadCommonJSModule file:///opt/visual-studio-code/resources/app/extensions/debug-auto-launch/dist/extension
[2021-10-14 09:50:50.596] [exthost] [info] ExtensionService#_doActivateExtension vscode.git {"startup":true,"extensionId":{"value":"vscode.github","_lower":"vscode.github"},"activationEvent":"*"}
[2021-10-14 09:50:50.596] [exthost] [info] ExtensionService#loadCommonJSModule file:///opt/visual-studio-code/resources/app/extensions/git/dist/main
[2021-10-14 09:50:50.605] [exthost] [info] ExtensionService#_doActivateExtension PKief.material-icon-theme {"startup":true,"extensionId":{"value":"PKief.material-icon-theme","_lower":"pkief.material-icon-theme"},"activationEvent":"*"}
[2021-10-14 09:50:50.605] [exthost] [info] ExtensionService#loadCommonJSModule file:///home/jameshershaw/.vscode/extensions/pkief.material-icon-theme-4.10.0/dist/extension
[2021-10-14 09:50:50.670] [exthost] [warning] DiagnosticCollection with name 'BibTeX' does already exist.
[2021-10-14 09:50:50.671] [exthost] [warning] DiagnosticCollection with name 'BibTeX' does already exist.
[2021-10-14 09:50:50.746] [exthost] [info] ExtensionService#_doActivateExtension vscode.github {"startup":true,"extensionId":{"value":"vscode.github","_lower":"vscode.github"},"activationEvent":"*"}
[2021-10-14 09:50:50.746] [exthost] [info] ExtensionService#loadCommonJSModule file:///opt/visual-studio-code/resources/app/extensions/github/dist/extension.js
[2021-10-14 09:50:50.787] [exthost] [info] eager extensions activated
[2021-10-14 09:50:50.955] [exthost] [info] ExtensionService#_doActivateExtension ms-vscode.js-debug {"startup":false,"extensionId":{"value":"ms-vscode.js-debug","_lower":"ms-vscode.js-debug"},"activationEvent":"onCommand:extension.js-debug.clearAutoAttachVariables"}
[2021-10-14 09:50:50.955] [exthost] [info] ExtensionService#loadCommonJSModule file:///opt/visual-studio-code/resources/app/extensions/ms-vscode.js-debug/src/extension.js
[2021-10-14 09:50:51.000] [exthost] [info] ExtensionService#_doActivateExtension vscode.emmet {"startup":false,"extensionId":{"value":"vscode.emmet","_lower":"vscode.emmet"},"activationEvent":"onStartupFinished"}
[2021-10-14 09:50:51.000] [exthost] [info] ExtensionService#loadCommonJSModule file:///opt/visual-studio-code/resources/app/extensions/emmet/dist/node/emmetNodeMain
[2021-10-14 09:50:51.004] [exthost] [info] ExtensionService#_doActivateExtension vscode.merge-conflict {"startup":false,"extensionId":{"value":"vscode.merge-conflict","_lower":"vscode.merge-conflict"},"activationEvent":"onStartupFinished"}
[2021-10-14 09:50:51.004] [exthost] [info] ExtensionService#loadCommonJSModule file:///opt/visual-studio-code/resources/app/extensions/merge-conflict/dist/mergeConflictMain
[2021-10-14 09:50:51.182] [exthost] [info] ExtensionService#_doActivateExtension vscode.github-authentication {"startup":false,"extensionId":{"value":"vscode.github-authentication","_lower":"vscode.github-authentication"},"activationEvent":"onAuthenticationRequest:github"}
[2021-10-14 09:50:51.182] [exthost] [info] ExtensionService#loadCommonJSModule file:///opt/visual-studio-code/resources/app/extensions/github-authentication/dist/extension.js
[2021-10-14 10:02:55.713] [exthost] [error] [James-Yu.latex-workshop] provider FAILED
[2021-10-14 10:02:55.713] [exthost] [error] TypeError: Cannot read property 'name' of undefined
	at SectionNodeProvider.buildModel (/home/jameshershaw/.vscode/extensions/james-yu.latex-workshop-8.20.2/out/src/providers/structure.js:114:76)
	at DocSymbolProvider.provideDocumentSymbols (/home/jameshershaw/.vscode/extensions/james-yu.latex-workshop-8.20.2/out/src/providers/docsymbol.js:34:71)
	at l.provideDocumentSymbols (/opt/visual-studio-code/resources/app/out/vs/workbench/services/extensions/node/extensionHostProcess.js:94:163134)
	at /opt/visual-studio-code/resources/app/out/vs/workbench/services/extensions/node/extensionHostProcess.js:94:188491
	at xe._withAdapter (/opt/visual-studio-code/resources/app/out/vs/workbench/services/extensions/node/extensionHostProcess.js:94:187656)
	at xe.$provideDocumentSymbols (/opt/visual-studio-code/resources/app/out/vs/workbench/services/extensions/node/extensionHostProcess.js:94:188467)
	at i._doInvokeHandler (/opt/visual-studio-code/resources/app/out/vs/workbench/services/extensions/node/extensionHostProcess.js:98:13543)
	at i._invokeHandler (/opt/visual-studio-code/resources/app/out/vs/workbench/services/extensions/node/extensionHostProcess.js:98:13227)
	at i._receiveRequest (/opt/visual-studio-code/resources/app/out/vs/workbench/services/extensions/node/extensionHostProcess.js:98:11838)
	at i._receiveOneMessage (/opt/visual-studio-code/resources/app/out/vs/workbench/services/extensions/node/extensionHostProcess.js:98:10567)
	at /opt/visual-studio-code/resources/app/out/vs/workbench/services/extensions/node/extensionHostProcess.js:98:8663
	at c.fire (/opt/visual-studio-code/resources/app/out/vs/workbench/services/extensions/node/extensionHostProcess.js:66:1712)
	at l.fire (/opt/visual-studio-code/resources/app/out/vs/workbench/services/extensions/node/extensionHostProcess.js:74:15781)
	at /opt/visual-studio-code/resources/app/out/vs/workbench/services/extensions/node/extensionHostProcess.js:113:30187
	at c.fire (/opt/visual-studio-code/resources/app/out/vs/workbench/services/extensions/node/extensionHostProcess.js:66:1712)
	at l.fire (/opt/visual-studio-code/resources/app/out/vs/workbench/services/extensions/node/extensionHostProcess.js:74:15781)
	at r._receiveMessage (/opt/visual-studio-code/resources/app/out/vs/workbench/services/extensions/node/extensionHostProcess.js:74:21051)
	at /opt/visual-studio-code/resources/app/out/vs/workbench/services/extensions/node/extensionHostProcess.js:74:17929
	at c.fire (/opt/visual-studio-code/resources/app/out/vs/workbench/services/extensions/node/extensionHostProcess.js:66:1712)
	at v.acceptChunk (/opt/visual-studio-code/resources/app/out/vs/workbench/services/extensions/node/extensionHostProcess.js:74:13142)
	at /opt/visual-studio-code/resources/app/out/vs/workbench/services/extensions/node/extensionHostProcess.js:74:12490
	at Socket.w (/opt/visual-studio-code/resources/app/out/vs/workbench/services/extensions/node/extensionHostProcess.js:113:13350)
	at Socket.emit (events.js:315:20)
	at addChunk (internal/streams/readable.js:309:12)
	at readableAddChunk (internal/streams/readable.js:284:9)
	at Socket.Readable.push (internal/streams/readable.js:223:10)
	at Pipe.onStreamRead (internal/stream_base_commons.js:188:23)
[2021-10-14 10:03:30.140] [exthost] [error] [James-Yu.latex-workshop] provider FAILED
[2021-10-14 10:03:30.140] [exthost] [error] TypeError: Cannot read property 'name' of undefined
	at SectionNodeProvider.buildModel (/home/jameshershaw/.vscode/extensions/james-yu.latex-workshop-8.20.2/out/src/providers/structure.js:114:76)
	at DocSymbolProvider.provideDocumentSymbols (/home/jameshershaw/.vscode/extensions/james-yu.latex-workshop-8.20.2/out/src/providers/docsymbol.js:34:71)
	at l.provideDocumentSymbols (/opt/visual-studio-code/resources/app/out/vs/workbench/services/extensions/node/extensionHostProcess.js:94:163134)
	at /opt/visual-studio-code/resources/app/out/vs/workbench/services/extensions/node/extensionHostProcess.js:94:188491
	at xe._withAdapter (/opt/visual-studio-code/resources/app/out/vs/workbench/services/extensions/node/extensionHostProcess.js:94:187656)
	at xe.$provideDocumentSymbols (/opt/visual-studio-code/resources/app/out/vs/workbench/services/extensions/node/extensionHostProcess.js:94:188467)
	at i._doInvokeHandler (/opt/visual-studio-code/resources/app/out/vs/workbench/services/extensions/node/extensionHostProcess.js:98:13543)
	at i._invokeHandler (/opt/visual-studio-code/resources/app/out/vs/workbench/services/extensions/node/extensionHostProcess.js:98:13227)
	at i._receiveRequest (/opt/visual-studio-code/resources/app/out/vs/workbench/services/extensions/node/extensionHostProcess.js:98:11838)
	at i._receiveOneMessage (/opt/visual-studio-code/resources/app/out/vs/workbench/services/extensions/node/extensionHostProcess.js:98:10567)
	at /opt/visual-studio-code/resources/app/out/vs/workbench/services/extensions/node/extensionHostProcess.js:98:8663
	at c.fire (/opt/visual-studio-code/resources/app/out/vs/workbench/services/extensions/node/extensionHostProcess.js:66:1712)
	at l.fire (/opt/visual-studio-code/resources/app/out/vs/workbench/services/extensions/node/extensionHostProcess.js:74:15781)
	at /opt/visual-studio-code/resources/app/out/vs/workbench/services/extensions/node/extensionHostProcess.js:113:30187
	at c.fire (/opt/visual-studio-code/resources/app/out/vs/workbench/services/extensions/node/extensionHostProcess.js:66:1712)
	at l.fire (/opt/visual-studio-code/resources/app/out/vs/workbench/services/extensions/node/extensionHostProcess.js:74:15781)
	at r._receiveMessage (/opt/visual-studio-code/resources/app/out/vs/workbench/services/extensions/node/extensionHostProcess.js:74:21051)
	at /opt/visual-studio-code/resources/app/out/vs/workbench/services/extensions/node/extensionHostProcess.js:74:17929
	at c.fire (/opt/visual-studio-code/resources/app/out/vs/workbench/services/extensions/node/extensionHostProcess.js:66:1712)
	at v.acceptChunk (/opt/visual-studio-code/resources/app/out/vs/workbench/services/extensions/node/extensionHostProcess.js:74:13142)
	at /opt/visual-studio-code/resources/app/out/vs/workbench/services/extensions/node/extensionHostProcess.js:74:12490
	at Socket.w (/opt/visual-studio-code/resources/app/out/vs/workbench/services/extensions/node/extensionHostProcess.js:113:13350)
	at Socket.emit (events.js:315:20)
	at addChunk (internal/streams/readable.js:309:12)
	at readableAddChunk (internal/streams/readable.js:284:9)
	at Socket.Readable.push (internal/streams/readable.js:223:10)
	at Pipe.onStreamRead (internal/stream_base_commons.js:188:23)
[2021-10-14 10:03:31.649] [exthost] [error] [James-Yu.latex-workshop] provider FAILED
[2021-10-14 10:03:31.650] [exthost] [error] TypeError: Cannot read property 'name' of undefined
	at SectionNodeProvider.buildModel (/home/jameshershaw/.vscode/extensions/james-yu.latex-workshop-8.20.2/out/src/providers/structure.js:114:76)
	at DocSymbolProvider.provideDocumentSymbols (/home/jameshershaw/.vscode/extensions/james-yu.latex-workshop-8.20.2/out/src/providers/docsymbol.js:34:71)
	at l.provideDocumentSymbols (/opt/visual-studio-code/resources/app/out/vs/workbench/services/extensions/node/extensionHostProcess.js:94:163134)
	at /opt/visual-studio-code/resources/app/out/vs/workbench/services/extensions/node/extensionHostProcess.js:94:188491
	at xe._withAdapter (/opt/visual-studio-code/resources/app/out/vs/workbench/services/extensions/node/extensionHostProcess.js:94:187656)
	at xe.$provideDocumentSymbols (/opt/visual-studio-code/resources/app/out/vs/workbench/services/extensions/node/extensionHostProcess.js:94:188467)
	at i._doInvokeHandler (/opt/visual-studio-code/resources/app/out/vs/workbench/services/extensions/node/extensionHostProcess.js:98:13543)
	at i._invokeHandler (/opt/visual-studio-code/resources/app/out/vs/workbench/services/extensions/node/extensionHostProcess.js:98:13227)
	at i._receiveRequest (/opt/visual-studio-code/resources/app/out/vs/workbench/services/extensions/node/extensionHostProcess.js:98:11838)
	at i._receiveOneMessage (/opt/visual-studio-code/resources/app/out/vs/workbench/services/extensions/node/extensionHostProcess.js:98:10567)
	at /opt/visual-studio-code/resources/app/out/vs/workbench/services/extensions/node/extensionHostProcess.js:98:8663
	at c.fire (/opt/visual-studio-code/resources/app/out/vs/workbench/services/extensions/node/extensionHostProcess.js:66:1712)
	at l.fire (/opt/visual-studio-code/resources/app/out/vs/workbench/services/extensions/node/extensionHostProcess.js:74:15781)
	at /opt/visual-studio-code/resources/app/out/vs/workbench/services/extensions/node/extensionHostProcess.js:113:30187
	at c.fire (/opt/visual-studio-code/resources/app/out/vs/workbench/services/extensions/node/extensionHostProcess.js:66:1712)
	at l.fire (/opt/visual-studio-code/resources/app/out/vs/workbench/services/extensions/node/extensionHostProcess.js:74:15781)
	at r._receiveMessage (/opt/visual-studio-code/resources/app/out/vs/workbench/services/extensions/node/extensionHostProcess.js:74:21051)
	at /opt/visual-studio-code/resources/app/out/vs/workbench/services/extensions/node/extensionHostProcess.js:74:17929
	at c.fire (/opt/visual-studio-code/resources/app/out/vs/workbench/services/extensions/node/extensionHostProcess.js:66:1712)
	at v.acceptChunk (/opt/visual-studio-code/resources/app/out/vs/workbench/services/extensions/node/extensionHostProcess.js:74:13142)
	at /opt/visual-studio-code/resources/app/out/vs/workbench/services/extensions/node/extensionHostProcess.js:74:12490
	at Socket.w (/opt/visual-studio-code/resources/app/out/vs/workbench/services/extensions/node/extensionHostProcess.js:113:13350)
	at Socket.emit (events.js:315:20)
	at addChunk (internal/streams/readable.js:309:12)
	at readableAddChunk (internal/streams/readable.js:284:9)
	at Socket.Readable.push (internal/streams/readable.js:223:10)
	at Pipe.onStreamRead (internal/stream_base_commons.js:188:23)
[2021-10-14 10:03:33.281] [exthost] [error] [James-Yu.latex-workshop] provider FAILED
[2021-10-14 10:03:33.281] [exthost] [error] TypeError: Cannot read property 'name' of undefined
	at SectionNodeProvider.buildModel (/home/jameshershaw/.vscode/extensions/james-yu.latex-workshop-8.20.2/out/src/providers/structure.js:114:76)
	at DocSymbolProvider.provideDocumentSymbols (/home/jameshershaw/.vscode/extensions/james-yu.latex-workshop-8.20.2/out/src/providers/docsymbol.js:34:71)
	at l.provideDocumentSymbols (/opt/visual-studio-code/resources/app/out/vs/workbench/services/extensions/node/extensionHostProcess.js:94:163134)
	at /opt/visual-studio-code/resources/app/out/vs/workbench/services/extensions/node/extensionHostProcess.js:94:188491
	at xe._withAdapter (/opt/visual-studio-code/resources/app/out/vs/workbench/services/extensions/node/extensionHostProcess.js:94:187656)
	at xe.$provideDocumentSymbols (/opt/visual-studio-code/resources/app/out/vs/workbench/services/extensions/node/extensionHostProcess.js:94:188467)
	at i._doInvokeHandler (/opt/visual-studio-code/resources/app/out/vs/workbench/services/extensions/node/extensionHostProcess.js:98:13543)
	at i._invokeHandler (/opt/visual-studio-code/resources/app/out/vs/workbench/services/extensions/node/extensionHostProcess.js:98:13227)
	at i._receiveRequest (/opt/visual-studio-code/resources/app/out/vs/workbench/services/extensions/node/extensionHostProcess.js:98:11838)
	at i._receiveOneMessage (/opt/visual-studio-code/resources/app/out/vs/workbench/services/extensions/node/extensionHostProcess.js:98:10567)
	at /opt/visual-studio-code/resources/app/out/vs/workbench/services/extensions/node/extensionHostProcess.js:98:8663
	at c.fire (/opt/visual-studio-code/resources/app/out/vs/workbench/services/extensions/node/extensionHostProcess.js:66:1712)
	at l.fire (/opt/visual-studio-code/resources/app/out/vs/workbench/services/extensions/node/extensionHostProcess.js:74:15781)
	at /opt/visual-studio-code/resources/app/out/vs/workbench/services/extensions/node/extensionHostProcess.js:113:30187
	at c.fire (/opt/visual-studio-code/resources/app/out/vs/workbench/services/extensions/node/extensionHostProcess.js:66:1712)
	at l.fire (/opt/visual-studio-code/resources/app/out/vs/workbench/services/extensions/node/extensionHostProcess.js:74:15781)
	at r._receiveMessage (/opt/visual-studio-code/resources/app/out/vs/workbench/services/extensions/node/extensionHostProcess.js:74:21051)
	at /opt/visual-studio-code/resources/app/out/vs/workbench/services/extensions/node/extensionHostProcess.js:74:17929
	at c.fire (/opt/visual-studio-code/resources/app/out/vs/workbench/services/extensions/node/extensionHostProcess.js:66:1712)
	at v.acceptChunk (/opt/visual-studio-code/resources/app/out/vs/workbench/services/extensions/node/extensionHostProcess.js:74:13142)
	at /opt/visual-studio-code/resources/app/out/vs/workbench/services/extensions/node/extensionHostProcess.js:74:12490
	at Socket.w (/opt/visual-studio-code/resources/app/out/vs/workbench/services/extensions/node/extensionHostProcess.js:113:13350)
	at Socket.emit (events.js:315:20)
	at addChunk (internal/streams/readable.js:309:12)
	at readableAddChunk (internal/streams/readable.js:284:9)
	at Socket.Readable.push (internal/streams/readable.js:223:10)
	at Pipe.onStreamRead (internal/stream_base_commons.js:188:23)
[2021-10-14 10:03:39.163] [exthost] [error] [James-Yu.latex-workshop] provider FAILED
[2021-10-14 10:03:39.163] [exthost] [error] TypeError: Cannot read property 'name' of undefined
	at SectionNodeProvider.buildModel (/home/jameshershaw/.vscode/extensions/james-yu.latex-workshop-8.20.2/out/src/providers/structure.js:114:76)
	at DocSymbolProvider.provideDocumentSymbols (/home/jameshershaw/.vscode/extensions/james-yu.latex-workshop-8.20.2/out/src/providers/docsymbol.js:34:71)
	at l.provideDocumentSymbols (/opt/visual-studio-code/resources/app/out/vs/workbench/services/extensions/node/extensionHostProcess.js:94:163134)
	at /opt/visual-studio-code/resources/app/out/vs/workbench/services/extensions/node/extensionHostProcess.js:94:188491
	at xe._withAdapter (/opt/visual-studio-code/resources/app/out/vs/workbench/services/extensions/node/extensionHostProcess.js:94:187656)
	at xe.$provideDocumentSymbols (/opt/visual-studio-code/resources/app/out/vs/workbench/services/extensions/node/extensionHostProcess.js:94:188467)
	at i._doInvokeHandler (/opt/visual-studio-code/resources/app/out/vs/workbench/services/extensions/node/extensionHostProcess.js:98:13543)
	at i._invokeHandler (/opt/visual-studio-code/resources/app/out/vs/workbench/services/extensions/node/extensionHostProcess.js:98:13227)
	at i._receiveRequest (/opt/visual-studio-code/resources/app/out/vs/workbench/services/extensions/node/extensionHostProcess.js:98:11838)
	at i._receiveOneMessage (/opt/visual-studio-code/resources/app/out/vs/workbench/services/extensions/node/extensionHostProcess.js:98:10567)
	at /opt/visual-studio-code/resources/app/out/vs/workbench/services/extensions/node/extensionHostProcess.js:98:8663
	at c.fire (/opt/visual-studio-code/resources/app/out/vs/workbench/services/extensions/node/extensionHostProcess.js:66:1712)
	at l.fire (/opt/visual-studio-code/resources/app/out/vs/workbench/services/extensions/node/extensionHostProcess.js:74:15781)
	at /opt/visual-studio-code/resources/app/out/vs/workbench/services/extensions/node/extensionHostProcess.js:113:30187
	at c.fire (/opt/visual-studio-code/resources/app/out/vs/workbench/services/extensions/node/extensionHostProcess.js:66:1712)
	at l.fire (/opt/visual-studio-code/resources/app/out/vs/workbench/services/extensions/node/extensionHostProcess.js:74:15781)
	at r._receiveMessage (/opt/visual-studio-code/resources/app/out/vs/workbench/services/extensions/node/extensionHostProcess.js:74:21051)
	at /opt/visual-studio-code/resources/app/out/vs/workbench/services/extensions/node/extensionHostProcess.js:74:17929
	at c.fire (/opt/visual-studio-code/resources/app/out/vs/workbench/services/extensions/node/extensionHostProcess.js:66:1712)
	at v.acceptChunk (/opt/visual-studio-code/resources/app/out/vs/workbench/services/extensions/node/extensionHostProcess.js:74:13142)
	at /opt/visual-studio-code/resources/app/out/vs/workbench/services/extensions/node/extensionHostProcess.js:74:12490
	at Socket.w (/opt/visual-studio-code/resources/app/out/vs/workbench/services/extensions/node/extensionHostProcess.js:113:13350)
	at Socket.emit (events.js:315:20)
	at addChunk (internal/streams/readable.js:309:12)
	at readableAddChunk (internal/streams/readable.js:284:9)
	at Socket.Readable.push (internal/streams/readable.js:223:10)
	at Pipe.onStreamRead (internal/stream_base_commons.js:188:23)
