Validating found git in: git
Using git 2.33.1 from git
> git rev-parse --git-dir
Open repository: /home/jameshershaw/Documents/corigine_technical_assessment
> git status -z -u
> git symbolic-ref --short HEAD
> git for-each-ref --format=%(refname)%00%(upstream:short)%00%(objectname)%00%(upstream:track) refs/heads/main refs/remotes/main
> git for-each-ref --sort -committerdate --format %(refname) %(objectname) %(*objectname)
> git remote --verbose
> git config --get commit.template
> git show --textconv :corigine.py
> git ls-files --stage -- /home/jameshershaw/Documents/corigine_technical_assessment/corigine.py
> git cat-file -s cc562e0440c635d0b45f4eeb49205f6bd3ffb3ed
> git check-ignore -v -z --stdin
> git show --textconv :README.md
> git ls-files --stage -- /home/jameshershaw/Documents/corigine_technical_assessment/README.md
> git cat-file -s ac1b6db9a816a8e6dd7addf9148ed3ecf5ca7c68
> git show --textconv :README.md
> git ls-files --stage -- /home/jameshershaw/Documents/corigine_technical_assessment/README.md
> git cat-file -s ac1b6db9a816a8e6dd7addf9148ed3ecf5ca7c68
> git log --format=%H%n%aN%n%aE%n%at%n%ct%n%P%n%B -z -n21 -- /home/jameshershaw/Documents/corigine_technical_assessment/README.md
> git show --textconv :README.md
> git ls-files --stage -- /home/jameshershaw/Documents/corigine_technical_assessment/README.md
> git cat-file -s ac1b6db9a816a8e6dd7addf9148ed3ecf5ca7c68
> git status -z -u
> git symbolic-ref --short HEAD
> git for-each-ref --format=%(refname)%00%(upstream:short)%00%(objectname)%00%(upstream:track) refs/heads/main refs/remotes/main
> git for-each-ref --sort -committerdate --format %(refname) %(objectname) %(*objectname)
> git remote --verbose
> git config --get commit.template
> git show --textconv :README.md
> git ls-files --stage -- /home/jameshershaw/Documents/corigine_technical_assessment/README.md
> git cat-file -s ac1b6db9a816a8e6dd7addf9148ed3ecf5ca7c68
> git status -z -u
> git symbolic-ref --short HEAD
> git for-each-ref --format=%(refname)%00%(upstream:short)%00%(objectname)%00%(upstream:track) refs/heads/main refs/remotes/main
> git for-each-ref --sort -committerdate --format %(refname) %(objectname) %(*objectname)
> git remote --verbose
> git config --get commit.template
> git show --textconv :corigine.py
> git ls-files --stage -- /home/jameshershaw/Documents/corigine_technical_assessment/corigine.py
> git cat-file -s cc562e0440c635d0b45f4eeb49205f6bd3ffb3ed
> git show --textconv :README.md
> git ls-files --stage -- /home/jameshershaw/Documents/corigine_technical_assessment/README.md
> git cat-file -s ac1b6db9a816a8e6dd7addf9148ed3ecf5ca7c68
> git status -z -u
> git symbolic-ref --short HEAD
> git for-each-ref --format=%(refname)%00%(upstream:short)%00%(objectname)%00%(upstream:track) refs/heads/main refs/remotes/main
> git for-each-ref --sort -committerdate --format %(refname) %(objectname) %(*objectname)
> git remote --verbose
> git config --get commit.template
> git ls-files --stage -- /home/jameshershaw/Documents/corigine_technical_assessment/README.md
> git cat-file -s fcc8d215385c035202f0baa57e8b7620b4ff1ba5
> git show --textconv :README.md
> git status -z -u
> git symbolic-ref --short HEAD
> git for-each-ref --format=%(refname)%00%(upstream:short)%00%(objectname)%00%(upstream:track) refs/heads/main refs/remotes/main
> git for-each-ref --sort -committerdate --format %(refname) %(objectname) %(*objectname)
> git remote --verbose
> git config --get commit.template
> git status -z -u
> git symbolic-ref --short HEAD
> git for-each-ref --format=%(refname)%00%(upstream:short)%00%(objectname)%00%(upstream:track) refs/heads/main refs/remotes/main
> git for-each-ref --sort -committerdate --format %(refname) %(objectname) %(*objectname)
> git remote --verbose
> git config --get commit.template
> git ls-files --stage -- /home/jameshershaw/Documents/corigine_technical_assessment/README.md
> git cat-file -s fcc8d215385c035202f0baa57e8b7620b4ff1ba5
> git show --textconv :README.md
> git status -z -u
> git symbolic-ref --short HEAD
> git for-each-ref --format=%(refname)%00%(upstream:short)%00%(objectname)%00%(upstream:track) refs/heads/main refs/remotes/main
> git for-each-ref --sort -committerdate --format %(refname) %(objectname) %(*objectname)
> git remote --verbose
> git config --get commit.template
> git ls-files --stage -- /home/jameshershaw/Documents/corigine_technical_assessment/README.md
> git cat-file -s fcc8d215385c035202f0baa57e8b7620b4ff1ba5
> git show --textconv :README.md
> git status -z -u
> git symbolic-ref --short HEAD
> git for-each-ref --format=%(refname)%00%(upstream:short)%00%(objectname)%00%(upstream:track) refs/heads/main refs/remotes/main
> git for-each-ref --sort -committerdate --format %(refname) %(objectname) %(*objectname)
> git remote --verbose
> git config --get commit.template
