[2021-10-15 16:10:24.541] [exthost] [info] extension host started
[2021-10-15 16:10:24.567] [exthost] [info] ExtensionService#_doActivateExtension vscode.microsoft-authentication, startup: false, activationEvent: 'onAuthenticationRequest:microsoft'
[2021-10-15 16:10:24.568] [exthost] [info] ExtensionService#loadCommonJSModule file:///opt/visual-studio-code/resources/app/extensions/microsoft-authentication/dist/extension.js
[2021-10-15 16:10:24.585] [exthost] [info] ExtensionService#_doActivateExtension vscode.debug-auto-launch, startup: true, activationEvent: '*'
[2021-10-15 16:10:24.585] [exthost] [info] ExtensionService#loadCommonJSModule file:///opt/visual-studio-code/resources/app/extensions/debug-auto-launch/dist/extension
[2021-10-15 16:10:24.587] [exthost] [info] ExtensionService#_doActivateExtension vscode.git, startup: true, activationEvent: '*', root cause: vscode.github
[2021-10-15 16:10:24.587] [exthost] [info] ExtensionService#loadCommonJSModule file:///opt/visual-studio-code/resources/app/extensions/git/dist/main
[2021-10-15 16:10:24.623] [exthost] [info] ExtensionService#_doActivateExtension vscode-icons-team.vscode-icons, startup: true, activationEvent: '*'
[2021-10-15 16:10:24.623] [exthost] [info] ExtensionService#loadCommonJSModule file:///home/jameshershaw/.vscode/extensions/vscode-icons-team.vscode-icons-11.6.0/dist/src/vscode-icons.bundle.js
[2021-10-15 16:10:24.731] [exthost] [info] ExtensionService#_doActivateExtension ms-vscode.js-debug, startup: false, activationEvent: 'onCommand:extension.js-debug.clearAutoAttachVariables'
[2021-10-15 16:10:24.731] [exthost] [info] ExtensionService#loadCommonJSModule file:///opt/visual-studio-code/resources/app/extensions/ms-vscode.js-debug/src/extension.js
[2021-10-15 16:10:24.850] [exthost] [info] ExtensionService#_doActivateExtension vscode.github, startup: false, activationEvent: '*'
[2021-10-15 16:10:24.850] [exthost] [info] ExtensionService#loadCommonJSModule file:///opt/visual-studio-code/resources/app/extensions/github/dist/extension.js
[2021-10-15 16:10:24.952] [exthost] [info] ExtensionService#_doActivateExtension vscode.github-authentication, startup: false, activationEvent: 'onAuthenticationRequest:github'
[2021-10-15 16:10:24.952] [exthost] [info] ExtensionService#loadCommonJSModule file:///opt/visual-studio-code/resources/app/extensions/github-authentication/dist/extension.js
[2021-10-15 16:10:25.211] [exthost] [info] eager extensions activated
[2021-10-15 16:10:25.214] [exthost] [info] ExtensionService#_doActivateExtension vscode.emmet, startup: false, activationEvent: 'onStartupFinished'
[2021-10-15 16:10:25.214] [exthost] [info] ExtensionService#loadCommonJSModule file:///opt/visual-studio-code/resources/app/extensions/emmet/dist/node/emmetNodeMain
[2021-10-15 16:10:25.223] [exthost] [info] ExtensionService#_doActivateExtension vscode.merge-conflict, startup: false, activationEvent: 'onStartupFinished'
[2021-10-15 16:10:25.223] [exthost] [info] ExtensionService#loadCommonJSModule file:///opt/visual-studio-code/resources/app/extensions/merge-conflict/dist/mergeConflictMain
[2021-10-15 16:10:41.076] [exthost] [info] ExtensionService#_doActivateExtension vscode.configuration-editing, startup: false, activationEvent: 'onLanguage:jsonc'
[2021-10-15 16:10:41.076] [exthost] [info] ExtensionService#loadCommonJSModule file:///opt/visual-studio-code/resources/app/extensions/configuration-editing/dist/configurationEditingMain
[2021-10-15 16:10:41.079] [exthost] [info] ExtensionService#_doActivateExtension vscode.json-language-features, startup: false, activationEvent: 'onLanguage:jsonc'
[2021-10-15 16:10:41.079] [exthost] [info] ExtensionService#loadCommonJSModule file:///opt/visual-studio-code/resources/app/extensions/json-language-features/client/dist/node/jsonClientMain
[2021-10-15 16:10:41.113] [exthost] [info] ExtensionService#_doActivateExtension vscode.typescript-language-features, startup: false, activationEvent: 'onLanguage:jsonc'
[2021-10-15 16:10:41.113] [exthost] [info] ExtensionService#loadCommonJSModule file:///opt/visual-studio-code/resources/app/extensions/typescript-language-features/dist/extension
[2021-10-15 16:10:50.644] [exthost] [info] extension host terminating: renderer closed the socket
[2021-10-15 16:10:51.651] [exthost] [info] exiting with code 0
