Validating found git in: git
Using git 2.33.0 from git
> git rev-parse --git-dir
Open repository: /home/jameshershaw/Documents/masters
> git status -z -u
> git symbolic-ref --short HEAD
> git for-each-ref --format=%(refname)%00%(upstream:short)%00%(objectname)%00%(upstream:track) refs/heads/master refs/remotes/master
> git for-each-ref --sort -committerdate --format %(refname) %(objectname) %(*objectname)
> git remote --verbose
> git config --get commit.template
> git show --textconv :queuing_theory/maths/state_space/state_space_expanded.py
> git ls-files --stage -- /home/jameshershaw/Documents/masters/queuing_theory/maths/state_space/state_space_expanded.py
> git cat-file -s bfee0269909b212dee53cda08e855954a5e47513
> git check-ignore -v -z --stdin
> git show --textconv :queuing_theory/maths/state_space/state_space_adjusted_params.py
> git ls-files --stage -- /home/jameshershaw/Documents/masters/queuing_theory/maths/state_space/state_space_adjusted_params.py
> git cat-file -s 90442156f972be5ba3ace03b8f247a27d377c65d
> git show --textconv :queuing_theory/maths/state_space/state_space_adjusted_params_2.py
> git ls-files --stage -- /home/jameshershaw/Documents/masters/queuing_theory/maths/state_space/state_space_adjusted_params_2.py
> git cat-file -s be618e356ab64596ba65837564abbaf198947c47
> git show --textconv :queuing_theory/maths/state_space/state_space_expanded.py
> git ls-files --stage -- /home/jameshershaw/Documents/masters/queuing_theory/maths/state_space/state_space_expanded.py
> git cat-file -s bfee0269909b212dee53cda08e855954a5e47513
